<?xml version="1.0" encoding="UTF-8"?>
<testsuite name="atharrison.sandbox.MainTest" tests="1" skipped="0" failures="0" errors="0" timestamp="2015-03-10T04:48:16" hostname="rprm-aharri1411" time="0.007">
  <properties/>
  <testcase name="testTriple" classname="atharrison.sandbox.MainTest" time="0.007"/>
  <system-out><![CDATA[]]></system-out>
  <system-err><![CDATA[]]></system-err>
</testsuite>
